<?xml version="1.0" encoding="UTF-8"?>
<testsuite xmlns:xsi="http://www.w3.org/2001/XMLSchema-instance" xsi:noNamespaceSchemaLocation="https://maven.apache.org/surefire/maven-surefire-plugin/xsd/surefire-test-report.xsd" name="testRunner.TestRunner" time="103.092" tests="5" errors="0" skipped="0" failures="0">
  <properties>
[...]
</properties>
  <testcase name="Logo presence on OrangeHRM home page" classname="Check login page feature for OrangeHRM" time="17.992"/>
  <testcase name="Login to OrangeHRM with valid credentials #1" classname="Check login page feature for OrangeHRM" time="19.333"/>
  <testcase name="Login to OrangeHRM with valid credentials #2" classname="Check login page feature for OrangeHRM" time="20.131"/>
  <testcase name="Login to OrangeHRM with valid credentials #3" classname="Check login page feature for OrangeHRM" time="23.338"/>
  <testcase name="Login to OrangeHRM with valid credentials #4" classname="Check login page feature for OrangeHRM" time="20.137"/>
</testsuite>